<?xml version="1.0" encoding="utf-8"?><testsuites name="pytest tests"><testsuite name="pytest" errors="0" failures="0" skipped="0" tests="6" time="0.726" timestamp="2026-05-20T11:23:44.459563+00:00" hostname="agent-env-b5b44a92-b27e-47e8-bbdb-51b93b101909"><testcase classname="backend.tests.backend_test.TestRoot" name="test_root_returns_jb_keer_message" time="0.240" /><testcase classname="backend.tests.backend_test.TestLeads" name="test_create_lead_success" time="0.054" /><testcase classname="backend.tests.backend_test.TestLeads" name="test_create_lead_invalid_email" time="0.048" /><testcase classname="backend.tests.backend_test.TestLeads" name="test_create_lead_short_name" time="0.048" /><testcase classname="backend.tests.backend_test.TestLeads" name="test_create_lead_missing_project_type" time="0.050" /><testcase classname="backend.tests.backend_test.TestLeads" name="test_list_leads_contains_created_and_no_objectid" time="0.097" /></testsuite></testsuites>